This file contains any messages produced by compilers while
running configure, to aid debugging if configure makes a mistake.

It was created by configure, which was
generated by GNU Autoconf 2.53a.  Invocation command line was

  $ ./configure 

## --------- ##
## Platform. ##
## --------- ##

hostname = ip-172-31-30-247
uname -m = x86_64
uname -r = 4.4.23-31.54.amzn1.x86_64
uname -s = Linux
uname -v = #1 SMP Tue Oct 18 22:02:09 UTC 2016

/usr/bin/uname -p = unknown
/bin/uname -X     = unknown

/bin/arch              = x86_64
/usr/bin/arch -k       = unknown
/usr/convex/getsysinfo = unknown
hostinfo               = unknown
/bin/machine           = unknown
/usr/bin/oslevel       = unknown
/bin/universe          = unknown

PATH: /usr/local/bin
PATH: /bin
PATH: /usr/bin
PATH: /usr/local/sbin
PATH: /usr/sbin
PATH: /sbin
PATH: /opt/aws/bin
PATH: /home/ec2-user/.local/bin
PATH: /home/ec2-user/bin


## ----------- ##
## Core tests. ##
## ----------- ##

configure:1250: checking for gcc
configure:1266: found /usr/bin/gcc
configure:1276: result: gcc
configure:1518: checking for C compiler version
configure:1521: gcc --version </dev/null >&5
gcc (GCC) 4.8.3 20140911 (Red Hat 4.8.3-9)
Copyright (C) 2013 Free Software Foundation, Inc.
This is free software; see the source for copying conditions.  There is NO
warranty; not even for MERCHANTABILITY or FITNESS FOR A PARTICULAR PURPOSE.

configure:1524: $? = 0
configure:1526: gcc -v </dev/null >&5
Using built-in specs.
COLLECT_GCC=gcc
COLLECT_LTO_WRAPPER=/usr/libexec/gcc/x86_64-amazon-linux/4.8.3/lto-wrapper
Target: x86_64-amazon-linux
Configured with: ../configure --prefix=/usr --mandir=/usr/share/man --infodir=/usr/share/info --with-bugurl=http://bugzilla.redhat.com/bugzilla --enable-bootstrap --enable-shared --enable-threads=posix --enable-checking=release --with-system-zlib --enable-__cxa_atexit --disable-libunwind-exceptions --enable-gnu-unique-object --enable-linker-build-id --with-linker-hash-style=gnu --enable-languages=c,c++,fortran,ada,lto --enable-plugin --enable-initfini-array --disable-libgcj --with-isl=/builddir/build/BUILD/gcc-4.8.3-20140911/obj-x86_64-amazon-linux/isl-install --with-cloog=/builddir/build/BUILD/gcc-4.8.3-20140911/obj-x86_64-amazon-linux/cloog-install --enable-gnu-indirect-function --with-tune=generic --with-arch_32=x86-64 --build=x86_64-amazon-linux
Thread model: posix
gcc version 4.8.3 20140911 (Red Hat 4.8.3-9) (GCC) 
configure:1529: $? = 0
configure:1531: gcc -V </dev/null >&5
gcc: error: unrecognized command line option '-V'
gcc: fatal error: no input files
compilation terminated.
configure:1534: $? = 4
configure:1560: checking for C compiler default output
configure:1563: gcc    conftest.c  >&5
configure:1566: $? = 0
configure:1599: result: a.out
configure:1604: checking whether the C compiler works
configure:1610: ./a.out
configure:1613: $? = 0
configure:1628: result: yes
configure:1635: checking whether we are cross compiling
configure:1637: result: no
configure:1640: checking for suffix of executables
configure:1642: gcc -o conftest    conftest.c  >&5
configure:1645: $? = 0
configure:1667: result: 
configure:1673: checking for suffix of object files
configure:1697: gcc -c   conftest.c >&5
configure:1700: $? = 0
configure:1719: result: o
configure:1723: checking whether we are using the GNU C compiler
configure:1750: gcc -c   conftest.c >&5
configure:1753: $? = 0
configure:1756: test -s conftest.o
configure:1759: $? = 0
configure:1771: result: yes
configure:1777: checking whether gcc accepts -g
configure:1801: gcc -c -g  conftest.c >&5
configure:1804: $? = 0
configure:1807: test -s conftest.o
configure:1810: $? = 0
configure:1820: result: yes
configure:1837: checking for gcc option to accept ANSI C
configure:1900: gcc  -c -g -O2  conftest.c >&5
configure:1903: $? = 0
configure:1906: test -s conftest.o
configure:1909: $? = 0
configure:1926: result: none needed
configure:1944: gcc -c -g -O2  conftest.c >&5
conftest.c:2:3: error: unknown type name 'choke'
   choke me
   ^
conftest.c:2:3: error: expected '=', ',', ';', 'asm' or '__attribute__' at end of input
configure:1947: $? = 1
configure: failed program was:
#ifndef __cplusplus
  choke me
#endif
configure:2062: checking for flex
configure:2091: result: no
configure:2062: checking for lex
configure:2091: result: no
configure:2101: checking for yywrap in -lfl
configure:2134: gcc -o conftest -g -O2   conftest.c -lfl   >&5
/usr/bin/ld: cannot find -lfl
collect2: error: ld returned 1 exit status
configure:2137: $? = 1
configure: failed program was:
#line 2108 "configure"
#include "confdefs.h"

/* Override any gcc2 internal prototype to avoid an error.  */
#ifdef __cplusplus
extern "C"
#endif
/* We use char because int might match the return type of a gcc2
   builtin and then its argument prototype would still apply.  */
char yywrap ();
#ifdef F77_DUMMY_MAIN
#  ifdef __cplusplus
     extern "C"
#  endif
   int F77_DUMMY_MAIN() { return 1; }
#endif
int
main ()
{
yywrap ();
  ;
  return 0;
}
configure:2154: result: no
configure:2159: checking for yywrap in -ll
configure:2192: gcc -o conftest -g -O2   conftest.c -ll   >&5
/usr/bin/ld: cannot find -ll
collect2: error: ld returned 1 exit status
configure:2195: $? = 1
configure: failed program was:
#line 2166 "configure"
#include "confdefs.h"

/* Override any gcc2 internal prototype to avoid an error.  */
#ifdef __cplusplus
extern "C"
#endif
/* We use char because int might match the return type of a gcc2
   builtin and then its argument prototype would still apply.  */
char yywrap ();
#ifdef F77_DUMMY_MAIN
#  ifdef __cplusplus
     extern "C"
#  endif
   int F77_DUMMY_MAIN() { return 1; }
#endif
int
main ()
{
yywrap ();
  ;
  return 0;
}
configure:2212: result: no
configure:2339: checking for a BSD-compatible install
configure:2393: result: /usr/bin/install -c
configure:2423: checking for XML_ParserCreate in -lexpat
configure:2456: gcc -o conftest -g -O2 -I/usr/local/include  -I/usr/local/include  -L/usr/local/lib conftest.c -lexpat   >&5
configure:2459: $? = 0
configure:2462: test -s conftest
configure:2465: $? = 0
configure:2476: result: yes
configure:2496: checking how to run the C preprocessor
configure:2522: gcc -E  -I/usr/local/include conftest.c
configure:2528: $? = 0
configure:2555: gcc -E  -I/usr/local/include conftest.c
configure:2551:28: fatal error: ac_nonexistent.h: No such file or directory
 #line $LINENO "configure"
                            ^
compilation terminated.
configure:2561: $? = 1
configure: failed program was:
#line 2550 "configure"
#include "confdefs.h"
#include <ac_nonexistent.h>
configure:2598: result: gcc -E
configure:2613: gcc -E  -I/usr/local/include conftest.c
configure:2619: $? = 0
configure:2646: gcc -E  -I/usr/local/include conftest.c
configure:2642:28: fatal error: ac_nonexistent.h: No such file or directory
 #line $LINENO "configure"
                            ^
compilation terminated.
configure:2652: $? = 1
configure: failed program was:
#line 2641 "configure"
#include "confdefs.h"
#include <ac_nonexistent.h>
configure:2692: checking for ANSI C header files
configure:2706: gcc -E  -I/usr/local/include conftest.c
configure:2712: $? = 0
configure:2799: gcc -o conftest -g -O2 -I/usr/local/include  -I/usr/local/include  -L/usr/local/lib conftest.c -lexpat  >&5
configure: In function 'main':
configure:2790:7: warning: incompatible implicit declaration of built-in function 'exit' [enabled by default]
   int i;
       ^
configure:2802: $? = 0
configure:2804: ./conftest
configure:2807: $? = 0
configure:2821: result: yes
configure:2845: checking for sys/types.h
configure:2858: gcc -c -g -O2 -I/usr/local/include  -I/usr/local/include conftest.c >&5
configure:2861: $? = 0
configure:2864: test -s conftest.o
configure:2867: $? = 0
configure:2877: result: yes
configure:2845: checking for sys/stat.h
configure:2858: gcc -c -g -O2 -I/usr/local/include  -I/usr/local/include conftest.c >&5
configure:2861: $? = 0
configure:2864: test -s conftest.o
configure:2867: $? = 0
configure:2877: result: yes
configure:2845: checking for stdlib.h
configure:2858: gcc -c -g -O2 -I/usr/local/include  -I/usr/local/include conftest.c >&5
configure:2861: $? = 0
configure:2864: test -s conftest.o
configure:2867: $? = 0
configure:2877: result: yes
configure:2845: checking for string.h
configure:2858: gcc -c -g -O2 -I/usr/local/include  -I/usr/local/include conftest.c >&5
configure:2861: $? = 0
configure:2864: test -s conftest.o
configure:2867: $? = 0
configure:2877: result: yes
configure:2845: checking for memory.h
configure:2858: gcc -c -g -O2 -I/usr/local/include  -I/usr/local/include conftest.c >&5
configure:2861: $? = 0
configure:2864: test -s conftest.o
configure:2867: $? = 0
configure:2877: result: yes
configure:2845: checking for strings.h
configure:2858: gcc -c -g -O2 -I/usr/local/include  -I/usr/local/include conftest.c >&5
configure:2861: $? = 0
configure:2864: test -s conftest.o
configure:2867: $? = 0
configure:2877: result: yes
configure:2845: checking for inttypes.h
configure:2858: gcc -c -g -O2 -I/usr/local/include  -I/usr/local/include conftest.c >&5
configure:2861: $? = 0
configure:2864: test -s conftest.o
configure:2867: $? = 0
configure:2877: result: yes
configure:2845: checking for stdint.h
configure:2858: gcc -c -g -O2 -I/usr/local/include  -I/usr/local/include conftest.c >&5
configure:2861: $? = 0
configure:2864: test -s conftest.o
configure:2867: $? = 0
configure:2877: result: yes
configure:2845: checking for unistd.h
configure:2858: gcc -c -g -O2 -I/usr/local/include  -I/usr/local/include conftest.c >&5
configure:2861: $? = 0
configure:2864: test -s conftest.o
configure:2867: $? = 0
configure:2877: result: yes
configure:2903: checking expat.h usability
configure:2912: gcc -c -g -O2 -I/usr/local/include  -I/usr/local/include conftest.c >&5
configure:2915: $? = 0
configure:2918: test -s conftest.o
configure:2921: $? = 0
configure:2930: result: yes
configure:2934: checking expat.h presence
configure:2941: gcc -E  -I/usr/local/include conftest.c
configure:2947: $? = 0
configure:2965: result: yes
configure:2983: checking for expat.h
configure:2990: result: yes
configure:3019: checking xmlparse.h usability
configure:3028: gcc -c -g -O2 -I/usr/local/include  -I/usr/local/include conftest.c >&5
configure:3056:22: fatal error: xmlparse.h: No such file or directory
 _ACEOF
                      ^
compilation terminated.
configure:3031: $? = 1
configure: failed program was:
#line 3021 "configure"
#include "confdefs.h"
#include <stdio.h>
#if HAVE_SYS_TYPES_H
# include <sys/types.h>
#endif
#if HAVE_SYS_STAT_H
# include <sys/stat.h>
#endif
#if STDC_HEADERS
# include <stdlib.h>
# include <stddef.h>
#else
# if HAVE_STDLIB_H
#  include <stdlib.h>
# endif
#endif
#if HAVE_STRING_H
# if !STDC_HEADERS && HAVE_MEMORY_H
#  include <memory.h>
# endif
# include <string.h>
#endif
#if HAVE_STRINGS_H
# include <strings.h>
#endif
#if HAVE_INTTYPES_H
# include <inttypes.h>
#else
# if HAVE_STDINT_H
#  include <stdint.h>
# endif
#endif
#if HAVE_UNISTD_H
# include <unistd.h>
#endif
#include <xmlparse.h>
configure:3046: result: no
configure:3050: checking xmlparse.h presence
configure:3057: gcc -E  -I/usr/local/include conftest.c
configure:3053:22: fatal error: xmlparse.h: No such file or directory
 #line $LINENO "configure"
                      ^
compilation terminated.
configure:3063: $? = 1
configure: failed program was:
#line 3052 "configure"
#include "confdefs.h"
#include <xmlparse.h>
configure:3081: result: no
configure:3099: checking for xmlparse.h
configure:3106: result: no
configure:3242: creating ./config.status

## ---------------------- ##
## Running config.status. ##
## ---------------------- ##

This file was extended by config.status, which was
generated by GNU Autoconf 2.53a.  Invocation command line was

  CONFIG_FILES    = 
  CONFIG_HEADERS  = 
  CONFIG_LINKS    = 
  CONFIG_COMMANDS = 
  $ ./config.status 

on ip-172-31-30-247

config.status:594: creating Makefile

## ---------------- ##
## Cache variables. ##
## ---------------- ##

ac_cv_c_compiler_gnu=yes
ac_cv_env_CC_set=
ac_cv_env_CC_value=
ac_cv_env_CFLAGS_set=
ac_cv_env_CFLAGS_value=
ac_cv_env_CPPFLAGS_set=
ac_cv_env_CPPFLAGS_value=
ac_cv_env_CPP_set=
ac_cv_env_CPP_value=
ac_cv_env_LDFLAGS_set=
ac_cv_env_LDFLAGS_value=
ac_cv_env_build_alias_set=
ac_cv_env_build_alias_value=
ac_cv_env_host_alias_set=
ac_cv_env_host_alias_value=
ac_cv_env_target_alias_set=
ac_cv_env_target_alias_value=
ac_cv_exeext=
ac_cv_header_expat_h=yes
ac_cv_header_inttypes_h=yes
ac_cv_header_memory_h=yes
ac_cv_header_stdc=yes
ac_cv_header_stdint_h=yes
ac_cv_header_stdlib_h=yes
ac_cv_header_string_h=yes
ac_cv_header_strings_h=yes
ac_cv_header_sys_stat_h=yes
ac_cv_header_sys_types_h=yes
ac_cv_header_unistd_h=yes
ac_cv_header_xmlparse_h=no
ac_cv_lib_expat_XML_ParserCreate=yes
ac_cv_lib_fl_yywrap=no
ac_cv_lib_l_yywrap=no
ac_cv_objext=o
ac_cv_path_install='/usr/bin/install -c'
ac_cv_prog_CPP='gcc -E'
ac_cv_prog_ac_ct_CC=gcc
ac_cv_prog_cc_g=yes
ac_cv_prog_cc_stdc=

## ----------- ##
## confdefs.h. ##
## ----------- ##

#define PACKAGE_NAME ""
#define PACKAGE_TARNAME ""
#define PACKAGE_VERSION ""
#define PACKAGE_STRING ""
#define PACKAGE_BUGREPORT ""
#define HAVE_LIBEXPAT 1
#define STDC_HEADERS 1
#define HAVE_SYS_TYPES_H 1
#define HAVE_SYS_STAT_H 1
#define HAVE_STDLIB_H 1
#define HAVE_STRING_H 1
#define HAVE_MEMORY_H 1
#define HAVE_STRINGS_H 1
#define HAVE_INTTYPES_H 1
#define HAVE_STDINT_H 1
#define HAVE_UNISTD_H 1
#define HAVE_EXPAT_H 1

configure: exit 0
